<?xml version="1.0" encoding="UTF-8"?>
<!-- Generated by org.testng.reporters.JUnitReportReporter -->
<testsuite hostname="MyYoga" failures="1" tests="13" name="org.test.SoftAssertion" time="0.023" errors="0" timestamp="2024-06-07T14:44:45 IST" skipped="0">
  <testcase classname="org.test.SoftAssertion" name="assertNotEquals" time="0.002"/>
  <system-out/>
  <testcase classname="org.test.SoftAssertion" name="assertNull" time="0.001"/>
  <system-out/>
  <testcase classname="org.test.SoftAssertion" name="assertNull2" time="0.001"/>
  <system-out/>
  <testcase classname="org.test.SoftAssertion" name="assertNotNull2" time="0.001"/>
  <system-out/>
  <testcase classname="org.test.SoftAssertion" name="assertFalse" time="0.002"/>
  <system-out/>
  <testcase classname="org.test.SoftAssertion" name="assertTrue" time="0.001"/>
  <system-out/>
  <testcase classname="org.test.SoftAssertion" name="assertEquals2" time="0.001"/>
  <system-out/>
  <testcase classname="org.test.SoftAssertion" name="assertEquals" time="0.007"/>
  <system-out/>
  <testcase classname="org.test.SoftAssertion" name="assertNotEquals2" time="0.001"/>
  <system-out/>
  <testcase classname="org.test.SoftAssertion" name="assertFalse2" time="0.001"/>
  <system-out/>
  <testcase classname="org.test.SoftAssertion" name="assertNotNull" time="0.003"/>
  <system-out/>
  <testcase classname="org.test.SoftAssertion" name="assertTrue2" time="0.001"/>
  <system-out/>
  <testcase classname="org.test.SoftAssertion" name="afterTest" time="0.001">
    <failure message="The following asserts failed:
	expected [not same] but found [same],
	expected [false] but found [true],
	did not expect [same] but found [same],
	expected object to not be null,
	expected [null] but found [some value other than null],
	expected [true] but found [false]" type="java.lang.AssertionError">
      <![CDATA[java.lang.AssertionError: The following asserts failed:
expected [not same] but found [same],
expected [false] but found [true],
did not expect [same] but found [same],
expected object to not be null,
expected [null] but found [some value other than null],
expected [true] but found [false]
at org.testng.asserts.SoftAssert.assertAll(SoftAssert.java:47)
at org.testng.asserts.SoftAssert.assertAll(SoftAssert.java:31)
at org.test.SoftAssertion.afterTest(SoftAssertion.java:96)
at java.base/jdk.internal.reflect.NativeMethodAccessorImpl.invoke0(Native Method)
at java.base/jdk.internal.reflect.NativeMethodAccessorImpl.invoke(NativeMethodAccessorImpl.java:77)
at java.base/jdk.internal.reflect.DelegatingMethodAccessorImpl.invoke(DelegatingMethodAccessorImpl.java:43)
at java.base/java.lang.reflect.Method.invoke(Method.java:568)
at org.testng.internal.MethodInvocationHelper.invokeMethod(MethodInvocationHelper.java:133)
at org.testng.internal.MethodInvocationHelper.invokeMethodConsideringTimeout(MethodInvocationHelper.java:62)
at org.testng.internal.ConfigInvoker.invokeConfigurationMethod(ConfigInvoker.java:385)
at org.testng.internal.ConfigInvoker.invokeConfigurations(ConfigInvoker.java:321)
at org.testng.TestRunner.invokeTestConfigurations(TestRunner.java:637)
at org.testng.TestRunner.afterRun(TestRunner.java:877)
at org.testng.TestRunner.run(TestRunner.java:599)
at org.testng.SuiteRunner.runTest(SuiteRunner.java:377)
at org.testng.SuiteRunner.runSequentially(SuiteRunner.java:371)
at org.testng.SuiteRunner.privateRun(SuiteRunner.java:332)
at org.testng.SuiteRunner.run(SuiteRunner.java:276)
at org.testng.SuiteRunnerWorker.runSuite(SuiteRunnerWorker.java:53)
at org.testng.SuiteRunnerWorker.run(SuiteRunnerWorker.java:96)
at org.testng.TestNG.runSuitesSequentially(TestNG.java:1212)
at org.testng.TestNG.runSuitesLocally(TestNG.java:1134)
at org.testng.TestNG.runSuites(TestNG.java:1063)
at org.testng.TestNG.run(TestNG.java:1031)
at org.testng.remote.AbstractRemoteTestNG.run(AbstractRemoteTestNG.java:115)
at org.testng.remote.RemoteTestNG.initAndRun(RemoteTestNG.java:293)
at org.testng.remote.RemoteTestNG.main(RemoteTestNG.java:91)
]]>
    </failure>
  </testcase> <!-- afterTest -->
  <system-out/>
</testsuite> <!-- org.test.SoftAssertion -->
